0 info it worked if it ends with ok
1 verbose cli [ '/usr/bin/node', '/usr/bin/npm', 'install', '-g', 'hexo@2.8.3' ]
2 info using npm@1.4.28
3 info using node@v0.10.38
4 verbose node symlink /usr/bin/node
5 verbose cache add [ 'hexo@2.8.3', null ]
6 verbose cache add name=undefined spec="hexo@2.8.3" args=["hexo@2.8.3",null]
7 verbose parsed url { protocol: null,
7 verbose parsed url   slashes: null,
7 verbose parsed url   auth: null,
7 verbose parsed url   host: null,
7 verbose parsed url   port: null,
7 verbose parsed url   hostname: null,
7 verbose parsed url   hash: null,
7 verbose parsed url   search: null,
7 verbose parsed url   query: null,
7 verbose parsed url   pathname: 'hexo@2.8.3',
7 verbose parsed url   path: 'hexo@2.8.3',
7 verbose parsed url   href: 'hexo@2.8.3' }
8 verbose cache add name="hexo" spec="2.8.3" args=["hexo","2.8.3"]
9 verbose parsed url { protocol: null,
9 verbose parsed url   slashes: null,
9 verbose parsed url   auth: null,
9 verbose parsed url   host: null,
9 verbose parsed url   port: null,
9 verbose parsed url   hostname: null,
9 verbose parsed url   hash: null,
9 verbose parsed url   search: null,
9 verbose parsed url   query: null,
9 verbose parsed url   pathname: '2.8.3',
9 verbose parsed url   path: '2.8.3',
9 verbose parsed url   href: '2.8.3' }
10 verbose addNamed [ 'hexo', '2.8.3' ]
11 verbose addNamed [ '2.8.3', '2.8.3' ]
12 silly lockFile 5b4a9e86-hexo-2-8-3 hexo@2.8.3
13 verbose lock hexo@2.8.3 /home/wizcas/.npm/5b4a9e86-hexo-2-8-3.lock
14 verbose request where is /hexo
15 verbose request registry https://registry.npmjs.org/
16 verbose request id 93f03e5101e763f5
17 verbose url raw /hexo
18 verbose url resolving [ 'https://registry.npmjs.org/', './hexo' ]
19 verbose url resolved https://registry.npmjs.org/hexo
20 verbose request where is https://registry.npmjs.org/hexo
21 info trying registry request attempt 1 at 01:25:43
22 http GET https://registry.npmjs.org/hexo
23 http 200 https://registry.npmjs.org/hexo
24 silly registry.get cb [ 200,
24 silly registry.get   { date: 'Sat, 28 Mar 2015 17:25:50 GMT',
24 silly registry.get     server: 'CouchDB/1.5.0 (Erlang OTP/R16B03)',
24 silly registry.get     etag: '"B607SB1AILCCQQWFJ74BH5A44"',
24 silly registry.get     'content-type': 'application/json',
24 silly registry.get     'cache-control': 'max-age=60',
24 silly registry.get     'content-length': '147487',
24 silly registry.get     'accept-ranges': 'bytes',
24 silly registry.get     via: '1.1 varnish',
24 silly registry.get     age: '0',
24 silly registry.get     'x-served-by': 'cache-nrt6128-NRT',
24 silly registry.get     'x-cache': 'HIT',
24 silly registry.get     'x-cache-hits': '1',
24 silly registry.get     'x-timer': 'S1427563550.655094,VS0,VE126',
24 silly registry.get     vary: 'Accept',
24 silly registry.get     'keep-alive': 'timeout=10, max=50',
24 silly registry.get     connection: 'Keep-Alive' } ]
25 silly lockFile 04e97cc1-ry-npmjs-org-hexo-hexo-2-8-3-tgz https://registry.npmjs.org/hexo/-/hexo-2.8.3.tgz
26 verbose lock https://registry.npmjs.org/hexo/-/hexo-2.8.3.tgz /home/wizcas/.npm/04e97cc1-ry-npmjs-org-hexo-hexo-2-8-3-tgz.lock
27 verbose addRemoteTarball [ 'https://registry.npmjs.org/hexo/-/hexo-2.8.3.tgz',
27 verbose addRemoteTarball   '79eb17e64b73b25d4e7abc565e039ca107cef802' ]
28 info retry fetch attempt 1 at 01:28:29
29 verbose fetch to= /tmp/npm-3625--jqqG_Vz/registry.npmjs.org/hexo/-/hexo-2.8.3.tgz
30 http GET https://registry.npmjs.org/hexo/-/hexo-2.8.3.tgz
31 http 200 https://registry.npmjs.org/hexo/-/hexo-2.8.3.tgz
32 silly lockFile 04e97cc1-ry-npmjs-org-hexo-hexo-2-8-3-tgz https://registry.npmjs.org/hexo/-/hexo-2.8.3.tgz
33 silly lockFile 04e97cc1-ry-npmjs-org-hexo-hexo-2-8-3-tgz https://registry.npmjs.org/hexo/-/hexo-2.8.3.tgz
34 silly lockFile 5b4a9e86-hexo-2-8-3 hexo@2.8.3
35 silly lockFile 5b4a9e86-hexo-2-8-3 hexo@2.8.3
36 silly resolved [ { name: 'hexo',
36 silly resolved     version: '2.8.3',
36 silly resolved     description: 'A fast, simple & powerful blog framework, powered by Node.js.',
36 silly resolved     main: 'lib/hexo',
36 silly resolved     bin: { hexo: './bin/hexo' },
36 silly resolved     scripts: { test: 'gulp test' },
36 silly resolved     directories: { lib: './lib', bin: './bin' },
36 silly resolved     engines: { node: '>= 0.10.0' },
36 silly resolved     repository: { type: 'git', url: 'git://github.com/hexojs/hexo.git' },
36 silly resolved     bugs: { url: 'https://github.com/hexojs/hexo/issues' },
36 silly resolved     homepage: 'http://hexo.io/',
36 silly resolved     keywords: [ 'website', 'blog', 'cms', 'framework', 'hexo' ],
36 silly resolved     author:
36 silly resolved      { name: 'Tommy Chen',
36 silly resolved        email: 'tommy351@gmail.com',
36 silly resolved        url: 'http://zespia.tw' },
36 silly resolved     license: 'MIT',
36 silly resolved     dependencies:
36 silly resolved      { async: '^0.9.0',
36 silly resolved        cheerio: '0.17.0',
36 silly resolved        chokidar: '0.8.2',
36 silly resolved        colors: '0.6.2',
36 silly resolved        compression: '^1.0.3',
36 silly resolved        connect: '3.x',
36 silly resolved        'graceful-fs': '^3.0.2',
36 silly resolved        'hexo-front-matter': '0.0.4',
36 silly resolved        'highlight.js': '8.1.0',
36 silly resolved        'js-yaml': '^3.1.0',
36 silly resolved        lodash: '^2.4.1',
36 silly resolved        mime: '^1.2.11',
36 silly resolved        minimist: '0.2.0',
36 silly resolved        moment: '^2.8.1',
36 silly resolved        morgan: '^1.1.1',
36 silly resolved        'serve-static': '^1.2.0',
36 silly resolved        'sprintf-js': '0.0.7',
36 silly resolved        'strip-indent': '^0.1.3',
36 silly resolved        swig: '1.4.1',
36 silly resolved        warehouse: '0.2.2' },
36 silly resolved     devDependencies:
36 silly resolved      { mocha: '^1.20.1',
36 silly resolved        chai: '^1.9.1',
36 silly resolved        gulp: '^3.6.2',
36 silly resolved        'gulp-jshint': '^1.5.5',
36 silly resolved        'gulp-mocha': '^0.5.1',
36 silly resolved        'jshint-stylish': '^0.4.0' },
36 silly resolved     gitHead: '9779191fead4f590a96f7f0dd4ba1b94ec29c025',
36 silly resolved     _id: 'hexo@2.8.3',
36 silly resolved     _shasum: '79eb17e64b73b25d4e7abc565e039ca107cef802',
36 silly resolved     _from: 'hexo@2.8.3',
36 silly resolved     _npmVersion: '1.4.23',
36 silly resolved     _npmUser: { name: 'tommy351', email: 'tommy351@gmail.com' },
36 silly resolved     maintainers: [ [Object] ],
36 silly resolved     dist:
36 silly resolved      { shasum: '79eb17e64b73b25d4e7abc565e039ca107cef802',
36 silly resolved        tarball: 'http://registry.npmjs.org/hexo/-/hexo-2.8.3.tgz' },
36 silly resolved     _resolved: 'https://registry.npmjs.org/hexo/-/hexo-2.8.3.tgz' } ]
37 info install hexo@2.8.3 into /usr/lib
38 info installOne hexo@2.8.3
39 verbose lib/node_modules/hexo unbuild
40 verbose tar unpack /home/wizcas/.npm/hexo/2.8.3/package.tgz
41 silly lockFile 58f03daa-tar-usr-lib-node-modules-hexo tar:///usr/lib/node_modules/hexo
42 verbose lock tar:///usr/lib/node_modules/hexo /home/wizcas/.npm/58f03daa-tar-usr-lib-node-modules-hexo.lock
43 silly lockFile a6dea840-izcas-npm-hexo-2-8-3-package-tgz tar:///home/wizcas/.npm/hexo/2.8.3/package.tgz
44 verbose lock tar:///home/wizcas/.npm/hexo/2.8.3/package.tgz /home/wizcas/.npm/a6dea840-izcas-npm-hexo-2-8-3-package-tgz.lock
45 silly gunzTarPerm modes [ '775', '664' ]
46 error Error: EACCES, mkdir '/usr/lib/node_modules/hexo'
46 error  { [Error: EACCES, mkdir '/usr/lib/node_modules/hexo']
46 error   errno: 3,
46 error   code: 'EACCES',
46 error   path: '/usr/lib/node_modules/hexo',
46 error   fstream_type: 'Directory',
46 error   fstream_path: '/usr/lib/node_modules/hexo',
46 error   fstream_class: 'DirWriter',
46 error   fstream_stack:
46 error    [ '/usr/lib/node_modules/npm/node_modules/fstream/lib/dir-writer.js:36:23',
46 error      '/usr/lib/node_modules/npm/node_modules/mkdirp/index.js:46:53',
46 error      'Object.oncomplete (fs.js:108:15)' ] }
47 error Please try running this command again as root/Administrator.
48 error System Linux 3.13.0-48-generic
49 error command "/usr/bin/node" "/usr/bin/npm" "install" "-g" "hexo@2.8.3"
50 error cwd /home/wizcas/.vim
51 error node -v v0.10.38
52 error npm -v 1.4.28
53 error path /usr/lib/node_modules/hexo
54 error fstream_path /usr/lib/node_modules/hexo
55 error fstream_type Directory
56 error fstream_class DirWriter
57 error code EACCES
58 error errno 3
59 error stack Error: EACCES, mkdir '/usr/lib/node_modules/hexo'
60 error fstream_stack /usr/lib/node_modules/npm/node_modules/fstream/lib/dir-writer.js:36:23
60 error fstream_stack /usr/lib/node_modules/npm/node_modules/mkdirp/index.js:46:53
60 error fstream_stack Object.oncomplete (fs.js:108:15)
61 verbose exit [ 3, true ]
